{"C:\\Users\\Deepthi\\Desktop\\task2-10nov2020\\src\\App.jsx": {"path":"C:\\Users\\Deepthi\\Desktop\\task2-10nov2020\\src\\App.jsx","statementMap":{"0":{"start":{"line":5,"column":12},"end":{"line":13,"column":1}},"1":{"start":{"line":6,"column":2},"end":{"line":12,"column":4}}},"fnMap":{"0":{"name":"(anonymous_0)","decl":{"start":{"line":5,"column":12},"end":{"line":5,"column":13}},"loc":{"start":{"line":5,"column":18},"end":{"line":13,"column":1}},"line":5}},"branchMap":{},"s":{"0":1,"1":0},"f":{"0":0},"b":{},"_coverageSchema":"1a1c01bbd47fc00a2c39e90264f33305004495a9","hash":"5798a6f3f1dadbc660d35f48a333d3e69816175e"}
,"C:\\Users\\Deepthi\\Desktop\\task2-10nov2020\\src\\components\\Table\\Pagination.jsx": {"path":"C:\\Users\\Deepthi\\Desktop\\task2-10nov2020\\src\\components\\Table\\Pagination.jsx","statementMap":{"0":{"start":{"line":5,"column":19},"end":{"line":15,"column":1}},"1":{"start":{"line":6,"column":2},"end":{"line":14,"column":4}},"2":{"start":{"line":10,"column":34},"end":{"line":10,"column":50}}},"fnMap":{"0":{"name":"(anonymous_0)","decl":{"start":{"line":5,"column":19},"end":{"line":5,"column":20}},"loc":{"start":{"line":5,"column":63},"end":{"line":15,"column":1}},"line":5},"1":{"name":"(anonymous_1)","decl":{"start":{"line":10,"column":22},"end":{"line":10,"column":23}},"loc":{"start":{"line":10,"column":34},"end":{"line":10,"column":50}},"line":10}},"branchMap":{},"s":{"0":2,"1":3,"2":0},"f":{"0":3,"1":0},"b":{},"_coverageSchema":"1a1c01bbd47fc00a2c39e90264f33305004495a9","hash":"19beb0b0f62067a2f7493f123abf0f6a27171df1"}
,"C:\\Users\\Deepthi\\Desktop\\task2-10nov2020\\src\\components\\Table\\Table.jsx": {"path":"C:\\Users\\Deepthi\\Desktop\\task2-10nov2020\\src\\components\\Table\\Table.jsx","statementMap":{"0":{"start":{"line":8,"column":14},"end":{"line":109,"column":1}},"1":{"start":{"line":9,"column":28},"end":{"line":9,"column":40}},"2":{"start":{"line":10,"column":21},"end":{"line":16,"column":3}},"3":{"start":{"line":17,"column":32},"end":{"line":17,"column":46}},"4":{"start":{"line":18,"column":40},"end":{"line":18,"column":51}},"5":{"start":{"line":19,"column":58},"end":{"line":19,"column":72}},"6":{"start":{"line":23,"column":6},"end":{"line":23,"column":22}},"7":{"start":{"line":24,"column":40},"end":{"line":24,"column":51}},"8":{"start":{"line":25,"column":42},"end":{"line":25,"column":54}},"9":{"start":{"line":28,"column":2},"end":{"line":31,"column":29}},"10":{"start":{"line":29,"column":22},"end":{"line":29,"column":42}},"11":{"start":{"line":30,"column":4},"end":{"line":30,"column":55}},"12":{"start":{"line":33,"column":25},"end":{"line":35,"column":3}},"13":{"start":{"line":34,"column":4},"end":{"line":34,"column":29}},"14":{"start":{"line":38,"column":24},"end":{"line":53,"column":3}},"15":{"start":{"line":40,"column":6},"end":{"line":42,"column":15}},"16":{"start":{"line":43,"column":21},"end":{"line":43,"column":43}},"17":{"start":{"line":45,"column":4},"end":{"line":45,"column":35}},"18":{"start":{"line":46,"column":4},"end":{"line":46,"column":72}},"19":{"start":{"line":47,"column":4},"end":{"line":51,"column":6}},"20":{"start":{"line":52,"column":4},"end":{"line":52,"column":25}},"21":{"start":{"line":56,"column":26},"end":{"line":56,"column":52}},"22":{"start":{"line":57,"column":27},"end":{"line":57,"column":57}},"23":{"start":{"line":58,"column":23},"end":{"line":58,"column":69}},"24":{"start":{"line":61,"column":19},"end":{"line":63,"column":3}},"25":{"start":{"line":62,"column":4},"end":{"line":62,"column":35}},"26":{"start":{"line":65,"column":2},"end":{"line":108,"column":4}},"27":{"start":{"line":74,"column":12},"end":{"line":74,"column":68}},"28":{"start":{"line":82,"column":12},"end":{"line":95,"column":14}}},"fnMap":{"0":{"name":"(anonymous_0)","decl":{"start":{"line":8,"column":14},"end":{"line":8,"column":15}},"loc":{"start":{"line":8,"column":20},"end":{"line":109,"column":1}},"line":8},"1":{"name":"(anonymous_1)","decl":{"start":{"line":28,"column":12},"end":{"line":28,"column":13}},"loc":{"start":{"line":28,"column":24},"end":{"line":31,"column":3}},"line":28},"2":{"name":"(anonymous_2)","decl":{"start":{"line":33,"column":25},"end":{"line":33,"column":26}},"loc":{"start":{"line":33,"column":45},"end":{"line":35,"column":3}},"line":33},"3":{"name":"(anonymous_3)","decl":{"start":{"line":38,"column":24},"end":{"line":38,"column":25}},"loc":{"start":{"line":38,"column":35},"end":{"line":53,"column":3}},"line":38},"4":{"name":"(anonymous_4)","decl":{"start":{"line":61,"column":19},"end":{"line":61,"column":20}},"loc":{"start":{"line":61,"column":35},"end":{"line":63,"column":3}},"line":61},"5":{"name":"(anonymous_5)","decl":{"start":{"line":73,"column":36},"end":{"line":73,"column":37}},"loc":{"start":{"line":74,"column":12},"end":{"line":74,"column":68}},"line":74},"6":{"name":"(anonymous_6)","decl":{"start":{"line":81,"column":29},"end":{"line":81,"column":30}},"loc":{"start":{"line":81,"column":41},"end":{"line":96,"column":11}},"line":81}},"branchMap":{"0":{"loc":{"start":{"line":30,"column":4},"end":{"line":30,"column":54}},"type":"cond-expr","locations":[{"start":{"line":30,"column":16},"end":{"line":30,"column":35}},{"start":{"line":30,"column":38},"end":{"line":30,"column":54}}],"line":30},"1":{"loc":{"start":{"line":40,"column":6},"end":{"line":42,"column":15}},"type":"cond-expr","locations":[{"start":{"line":41,"column":10},"end":{"line":41,"column":16}},{"start":{"line":42,"column":10},"end":{"line":42,"column":15}}],"line":40},"2":{"loc":{"start":{"line":40,"column":6},"end":{"line":40,"column":79}},"type":"binary-expr","locations":[{"start":{"line":40,"column":6},"end":{"line":40,"column":36}},{"start":{"line":40,"column":40},"end":{"line":40,"column":79}}],"line":40},"3":{"loc":{"start":{"line":48,"column":6},"end":{"line":50,"column":29}},"type":"cond-expr","locations":[{"start":{"line":49,"column":10},"end":{"line":49,"column":18}},{"start":{"line":50,"column":10},"end":{"line":50,"column":29}}],"line":48},"4":{"loc":{"start":{"line":67,"column":7},"end":{"line":98,"column":7}},"type":"cond-expr","locations":[{"start":{"line":68,"column":8},"end":{"line":70,"column":15}},{"start":{"line":72,"column":8},"end":{"line":97,"column":20}}],"line":67},"5":{"loc":{"start":{"line":74,"column":12},"end":{"line":74,"column":68}},"type":"cond-expr","locations":[{"start":{"line":74,"column":36},"end":{"line":74,"column":62}},{"start":{"line":74,"column":65},"end":{"line":74,"column":68}}],"line":74}},"s":{"0":2,"1":2,"2":2,"3":2,"4":2,"5":2,"6":2,"7":2,"8":2,"9":2,"10":2,"11":2,"12":2,"13":0,"14":2,"15":0,"16":0,"17":0,"18":0,"19":0,"20":0,"21":2,"22":2,"23":2,"24":2,"25":0,"26":2,"27":0,"28":0},"f":{"0":2,"1":2,"2":0,"3":0,"4":0,"5":0,"6":0},"b":{"0":[0,0],"1":[0,0],"2":[0,0],"3":[0,0],"4":[2,0],"5":[0,0]},"_coverageSchema":"1a1c01bbd47fc00a2c39e90264f33305004495a9","hash":"23f03ff494318b6735709c41ac9cd857e9bc0543"}
,"C:\\Users\\Deepthi\\Desktop\\task2-10nov2020\\src\\utils\\FetchDataApi.js": {"path":"C:\\Users\\Deepthi\\Desktop\\task2-10nov2020\\src\\utils\\FetchDataApi.js","statementMap":{"0":{"start":{"line":1,"column":21},"end":{"line":9,"column":1}},"1":{"start":{"line":2,"column":2},"end":{"line":8,"column":3}},"2":{"start":{"line":3,"column":21},"end":{"line":3,"column":73}},"3":{"start":{"line":4,"column":17},"end":{"line":4,"column":38}},"4":{"start":{"line":5,"column":4},"end":{"line":5,"column":16}},"5":{"start":{"line":7,"column":4},"end":{"line":7,"column":17}}},"fnMap":{"0":{"name":"(anonymous_0)","decl":{"start":{"line":1,"column":21},"end":{"line":1,"column":22}},"loc":{"start":{"line":1,"column":33},"end":{"line":9,"column":1}},"line":1}},"branchMap":{},"s":{"0":2,"1":3,"2":3,"3":3,"4":3,"5":0},"f":{"0":3},"b":{},"_coverageSchema":"1a1c01bbd47fc00a2c39e90264f33305004495a9","hash":"555a2a873136b7148c8518cf0ef1fc3b44a29367"}
}
