TN:
SF:src\App.jsx
FN:5,(anonymous_0)
FNF:1
FNH:0
FNDA:0,(anonymous_0)
DA:5,1
DA:6,0
LF:2
LH:1
BRF:0
BRH:0
end_of_record
TN:
SF:src\components\Table\Pagination.jsx
FN:5,(anonymous_0)
FN:10,(anonymous_1)
FNF:2
FNH:1
FNDA:3,(anonymous_0)
FNDA:0,(anonymous_1)
DA:5,2
DA:6,3
DA:10,0
LF:3
LH:2
BRF:0
BRH:0
end_of_record
TN:
SF:src\components\Table\Table.jsx
FN:8,(anonymous_0)
FN:28,(anonymous_1)
FN:33,(anonymous_2)
FN:38,(anonymous_3)
FN:61,(anonymous_4)
FN:73,(anonymous_5)
FN:81,(anonymous_6)
FNF:7
FNH:2
FNDA:2,(anonymous_0)
FNDA:2,(anonymous_1)
FNDA:0,(anonymous_2)
FNDA:0,(anonymous_3)
FNDA:0,(anonymous_4)
FNDA:0,(anonymous_5)
FNDA:0,(anonymous_6)
DA:8,2
DA:9,2
DA:10,2
DA:17,2
DA:18,2
DA:19,2
DA:23,2
DA:24,2
DA:25,2
DA:28,2
DA:29,2
DA:30,2
DA:33,2
DA:34,0
DA:38,2
DA:40,0
DA:43,0
DA:45,0
DA:46,0
DA:47,0
DA:52,0
DA:56,2
DA:57,2
DA:58,2
DA:61,2
DA:62,0
DA:65,2
DA:74,0
DA:82,0
LF:29
LH:19
BRDA:30,0,0,0
BRDA:30,0,1,0
BRDA:40,1,0,0
BRDA:40,1,1,0
BRDA:40,2,0,0
BRDA:40,2,1,0
BRDA:48,3,0,0
BRDA:48,3,1,0
BRDA:67,4,0,2
BRDA:67,4,1,0
BRDA:74,5,0,0
BRDA:74,5,1,0
BRF:12
BRH:1
end_of_record
TN:
SF:src\utils\FetchDataApi.js
FN:1,(anonymous_0)
FNF:1
FNH:1
FNDA:3,(anonymous_0)
DA:1,2
DA:2,3
DA:3,3
DA:4,3
DA:5,3
DA:7,0
LF:6
LH:5
BRF:0
BRH:0
end_of_record
